<?xml version="1.0" encoding="UTF-8"?>
<!-- Generated by org.testng.reporters.JUnitReportReporter -->
<testsuite hostname="HO-GDC-ASHISH" name="Test.AppTest" tests="1" failures="0" timestamp="30 May 2017 09:34:18 GMT" time="0.002" errors="0">
  <testcase name="testApp" time="0.002" classname="Test.AppTest"/>
</testsuite> <!-- Test.AppTest -->
