<?xml version="1.0" encoding="UTF-8"?>
<!-- Generated by org.testng.reporters.JUnitReportReporter -->
<testsuite hostname="HO-GDC-ASHISH" name="Test.TestNgTests" tests="1" failures="0" timestamp="30 May 2017 09:34:18 GMT" time="0.016" errors="0">
  <testcase name="out" time="0.016" classname="Test.TestNgTests"/>
</testsuite> <!-- Test.TestNgTests -->
